<?xml version="1.0" encoding="UTF-8"?>
<!-- Generated by org.testng.reporters.JUnitReportReporter -->
<testsuite hostname="ZED_BOOK" name="com.crm.qa.testcases.LoginPageTest" tests="3" failures="0" timestamp="28 Dec 2019 08:37:54 GMT" time="53.725" errors="0">
  <testcase name="forgetPwdTest" time="14.575" classname="com.crm.qa.testcases.LoginPageTest"/>
  <testcase name="loginTest" time="26.615" classname="com.crm.qa.testcases.LoginPageTest"/>
  <testcase name="loginPageTitleTest" time="12.535" classname="com.crm.qa.testcases.LoginPageTest"/>
</testsuite> <!-- com.crm.qa.testcases.LoginPageTest -->
