<?xml version="1.0" encoding="UTF-8"?>
<!-- Generated by org.testng.reporters.JUnitReportReporter -->
<testsuite hostname="ZED_BOOK" name="com.crm.qa.testcases.HomePageTest" tests="3" failures="0" timestamp="28 Dec 2019 08:37:54 GMT" time="51.592" errors="0">
  <testcase name="verifyContectsLinksTest" time="18.893" classname="com.crm.qa.testcases.HomePageTest"/>
  <testcase name="verifyUsernameLeble" time="18.593" classname="com.crm.qa.testcases.HomePageTest"/>
  <testcase name="verifyHomePageTitleTest" time="14.106" classname="com.crm.qa.testcases.HomePageTest"/>
</testsuite> <!-- com.crm.qa.testcases.HomePageTest -->
