<?xml version="1.0" encoding="UTF-8"?>
<!-- Generated by org.testng.reporters.JUnitReportReporter -->
<testsuite hostname="ZED_BOOK" name="com.crm.qa.testcases.LoginPageTest" tests="3" failures="0" timestamp="28 Dec 2019 08:26:26 GMT" time="44.610" errors="0">
  <testcase name="forgetPwdTest" time="13.204" classname="com.crm.qa.testcases.LoginPageTest"/>
  <testcase name="loginPageTitleTest" time="14.886" classname="com.crm.qa.testcases.LoginPageTest"/>
  <testcase name="loginTest" time="16.520" classname="com.crm.qa.testcases.LoginPageTest"/>
</testsuite> <!-- com.crm.qa.testcases.LoginPageTest -->
