<?xml version="1.0" encoding="UTF-8"?>
<!-- Generated by org.testng.reporters.JUnitReportReporter -->
<testsuite hostname="ZED_BOOK" name="com.crm.qa.testcases.HomePageTest" tests="3" failures="0" timestamp="28 Dec 2019 08:26:26 GMT" time="68.147" errors="0">
  <testcase name="verifyUsernameLeble" time="25.268" classname="com.crm.qa.testcases.HomePageTest"/>
  <testcase name="verifyHomePageTitleTest" time="22.461" classname="com.crm.qa.testcases.HomePageTest"/>
  <testcase name="verifyContectsLinksTest" time="20.418" classname="com.crm.qa.testcases.HomePageTest"/>
</testsuite> <!-- com.crm.qa.testcases.HomePageTest -->
